<?xml version="1.0" encoding="UTF-8"?>
<!-- Generated by org.testng.reporters.JUnitXMLReporter -->
<testsuite ignored="0" hostname="LAPTOP-1EQKSLCV" failures="0" tests="4" name="RegressionTest" time="6.724" errors="0" timestamp="2024-12-16T12:41:09 IST">
  <testcase classname="api.test.UserTests" name="testPostUser" time="2.007"/>
  <testcase classname="api.test.UserTests" name="testGetUserByName" time="1.109"/>
  <testcase classname="api.test.UserTests" name="testUpdateUserByName" time="2.21"/>
  <testcase classname="api.test.UserTests" name="testDeleteUserByName" time="1.063"/>
</testsuite> <!-- RegressionTest -->
