<?xml version="1.0" encoding="UTF-8"?>
<!-- Generated by org.testng.reporters.JUnitXMLReporter -->
<testsuite ignored="0" hostname="LAPTOP-1EQKSLCV" failures="0" tests="4" name="Default test" time="6.866" errors="0" timestamp="2024-12-16T12:49:58 IST">
  <testcase classname="api.test.UserTests" name="testPostUser" time="2.065"/>
  <testcase classname="api.test.UserTests" name="testGetUserByName" time="1.092"/>
  <testcase classname="api.test.UserTests" name="testUpdateUserByName" time="2.226"/>
  <testcase classname="api.test.UserTests" name="testDeleteUserByName" time="1.088"/>
</testsuite> <!-- Default test -->
