<?xml version="1.0" encoding="UTF-8"?>
<!-- Generated by org.testng.reporters.JUnitXMLReporter -->
<testsuite ignored="0" hostname="LAPTOP-1EQKSLCV" failures="0" tests="4" name="Test" time="6.833" errors="0" timestamp="2024-12-16T13:52:39 IST">
  <testcase classname="api.test.UserTests2" name="testPostUser" time="2.007"/>
  <testcase classname="api.test.UserTests2" name="testGetUserByName" time="1.133"/>
  <testcase classname="api.test.UserTests2" name="testUpdateUserByName" time="2.194"/>
  <testcase classname="api.test.UserTests2" name="testDeleteUserByName" time="1.112"/>
</testsuite> <!-- Test -->
