<?xml version="1.0" encoding="UTF-8"?>
<testsuite xmlns:xsi="http://www.w3.org/2001/XMLSchema-instance" xsi:noNamespaceSchemaLocation="https://maven.apache.org/surefire/maven-surefire-plugin/xsd/surefire-test-report.xsd" version="3.0.2" name="TestSuite" time="7.136" tests="4" errors="0" skipped="0" failures="0">
  <properties>
[...]
</properties>
  <testcase name="testPostUser" classname="api.test.UserTests2" time="2.114">
    <system-out><![CDATA[14:59:35.172 [main] INFO  api.test.UserTests2 - ************ Creating User **************
HTTP/1.1 200 OK
Date: Mon, 16 Dec 2024 09:29:39 GMT
Content-Type: application/json
Transfer-Encoding: chunked
Connection: keep-alive
Access-Control-Allow-Origin: *
Access-Control-Allow-Methods: GET, POST, DELETE, PUT
Access-Control-Allow-Headers: Content-Type, api_key, Authorization
Server: Jetty(9.2.9.v20150224)

{
    "code": 200,
    "type": "unknown",
    "message": "2079179914"
}
14:59:37.281 [main] INFO  api.test.UserTests2 - ************ User is created **************
]]></system-out>
  </testcase>
  <testcase name="testGetUserByName" classname="api.test.UserTests2" time="1.063">
    <system-out><![CDATA[14:59:37.283 [main] INFO  api.test.UserTests2 - ************ Reading User Info **************
HTTP/1.1 200 OK
Date: Mon, 16 Dec 2024 09:29:40 GMT
Content-Type: application/json
Transfer-Encoding: chunked
Connection: keep-alive
Access-Control-Allow-Origin: *
Access-Control-Allow-Methods: GET, POST, DELETE, PUT
Access-Control-Allow-Headers: Content-Type, api_key, Authorization
Server: Jetty(9.2.9.v20150224)

{
    "id": 2079179914,
    "username": "miquel.ryan",
    "firstName": "Lavonia",
    "lastName": "Grant",
    "email": "anjanette.cassin@example.com",
    "password": "932gtsv5w",
    "phone": "(960) 076-6390",
    "userStatus": 0
}
14:59:38.344 [main] INFO  api.test.UserTests2 - ************ User Info is displayed **************
]]></system-out>
  </testcase>
  <testcase name="testUpdateUserByName" classname="api.test.UserTests2" time="2.176">
    <system-out><![CDATA[14:59:38.346 [main] INFO  api.test.UserTests2 - ************ Updating User **************
{
    "code": 200,
    "type": "unknown",
    "message": "2079179914"
}
14:59:39.403 [main] INFO  api.test.UserTests2 - ************ User is updated **************
]]></system-out>
  </testcase>
  <testcase name="testDeleteUserByName" classname="api.test.UserTests2" time="1.088">
    <system-out><![CDATA[14:59:40.523 [main] INFO  api.test.UserTests2 - ************ Deleting User **************
14:59:41.609 [main] INFO  api.test.UserTests2 - ************ User deleted **************
]]></system-out>
  </testcase>
</testsuite>